<?xml version="1.0" encoding="UTF-8"?>
<testng-results ignored="0" total="1" passed="1" failed="0" skipped="0">
  <reporter-output>
  </reporter-output>
  <suite started-at="2022-12-01T15:42:20Z" name="Default suite" finished-at="2022-12-01T15:42:51Z" duration-ms="30772">
    <groups>
    </groups>
    <test started-at="2022-12-01T15:42:20Z" name="Default test" finished-at="2022-12-01T15:42:51Z" duration-ms="30772">
      <class name="com.Inetbanking.testCases.TC_LoginTest_001">
        <test-method is-config="true" signature="setup()[pri:0, instance:com.Inetbanking.testCases.TC_LoginTest_001@341814d3]" started-at="2022-12-01T15:42:20Z" name="setup" finished-at="2022-12-01T15:42:24Z" duration-ms="4018" status="PASS">
          <reporter-output>
          </reporter-output>
        </test-method> <!-- setup -->
        <test-method signature="loginTest()[pri:0, instance:com.Inetbanking.testCases.TC_LoginTest_001@341814d3]" started-at="2022-12-01T15:42:24Z" name="loginTest" finished-at="2022-12-01T15:42:49Z" duration-ms="25372" status="PASS">
          <reporter-output>
          </reporter-output>
        </test-method> <!-- loginTest -->
        <test-method is-config="true" signature="tearDown()[pri:0, instance:com.Inetbanking.testCases.TC_LoginTest_001@341814d3]" started-at="2022-12-01T15:42:49Z" name="tearDown" finished-at="2022-12-01T15:42:51Z" duration-ms="1339" status="PASS">
          <reporter-output>
          </reporter-output>
        </test-method> <!-- tearDown -->
      </class> <!-- com.Inetbanking.testCases.TC_LoginTest_001 -->
    </test> <!-- Default test -->
  </suite> <!-- Default suite -->
</testng-results>
